Loaded model 3D Gait Model with Simple Arms from file .\Example1\MSK_Models\Reference_Hamner_L.osim
Loaded model 3D Gait Model with Simple Arms from file .\Example1\MSK_Models\Reference_Hamner_L.osim
Loaded model subject02 from file .\Example1\MSK_Models\Target_Hamner_scaled_L.osim
Loaded model 3D Gait Model with Simple Arms from file .\Example1\MSK_Models\Reference_Hamner_L.osim
Loaded model 3D Gait Model with Simple Arms from file .\Example1\MSK_Models\Reference_Hamner_L.osim
Loaded model subject02 from file .\Example1\MSK_Models\Target_Hamner_scaled_L.osim
Loaded model 3D Gait Model with Simple Arms from file .\Example1\MSK_Models\Reference_Hamner_L.osim
Loaded model subject02 from file .\Example1\MSK_Models\Target_Hamner_scaled_L.osim
Loaded model 3D Gait Model with Simple Arms from file .\Example1\MSK_Models\Reference_Hamner_L.osim
Loaded model subject02 from file .\Example1\MSK_Models\Target_Hamner_scaled_L.osim
Loaded model 3D Gait Model with Simple Arms from file .\Example1\MSK_Models\Reference_Hamner_L.osim
Loaded model subject02 from file .\Example1\MSK_Models\Target_Hamner_scaled_L.osim
Loaded model 3D Gait Model with Simple Arms from file .\Example1\MSK_Models\Reference_Hamner_L.osim
Loaded model subject02 from file .\Example1\MSK_Models\Target_Hamner_scaled_L.osim
Loaded model 3D Gait Model with Simple Arms from file .\Example1\MSK_Models\Reference_Hamner_L.osim
Loaded model subject02 from file .\Example1\MSK_Models\Target_Hamner_scaled_L.osim
Loaded model 3D Gait Model with Simple Arms from file .\Example1\MSK_Models\Reference_Hamner_L.osim
Loaded model subject02 from file .\Example1\MSK_Models\Target_Hamner_scaled_L.osim
Loaded model 3D Gait Model with Simple Arms from file .\Example1\MSK_Models\Reference_Hamner_L.osim
Loaded model subject02 from file .\Example1\MSK_Models\Target_Hamner_scaled_L.osim
Loaded model 3D Gait Model with Simple Arms from file .\Example1\MSK_Models\Reference_Hamner_L.osim
Loaded model subject02 from file .\Example1\MSK_Models\Target_Hamner_scaled_L.osim
Loaded model 3D Gait Model with Simple Arms from file .\Example1\MSK_Models\Reference_Hamner_L.osim
Loaded model subject02 from file .\Example1\MSK_Models\Target_Hamner_scaled_L.osim
Loaded model 3D Gait Model with Simple Arms from file .\Example1\MSK_Models\Reference_Hamner_L.osim
Loaded model subject02 from file .\Example1\MSK_Models\Target_Hamner_scaled_L.osim
Loaded model 009 from file E:\3-PhD\Data\MocapData\ElaboratedData\009\pre\009_Rajagopal2015_FAI.osim
Loaded model 009 from file E:\3-PhD\Data\MocapData\ElaboratedData\009\pre\009_Rajagopal2015_FAI.osim
Loaded model 009 from file E:\3-PhD\Data\MocapData\ElaboratedData\009\pre\009_Rajagopal2015_FAI.osim
Loaded model 009 from file E:\3-PhD\Data\MocapData\ElaboratedData\009\pre\009_Rajagopal2015_FAI.osim
Loaded model 009 from file E:\3-PhD\Data\MocapData\ElaboratedData\009\pre\009_Rajagopal2015_FAI.osim
Loaded model 009 from file E:\3-PhD\Data\MocapData\ElaboratedData\009\pre\009_Rajagopal2015_FAI.osim
Loaded model 009 from file E:\3-PhD\Data\MocapData\ElaboratedData\009\pre\009_Rajagopal2015_FAI.osim
Loaded model 009 from file E:\3-PhD\Data\MocapData\ElaboratedData\009\pre\009_Rajagopal2015_FAI.osim
Loaded model 009_Rajagopal2015_FAI_rra from file E:\3-PhD\Data\MocapData\ElaboratedData\009\pre\009_Rajagopal2015_FAI_rra.osim
Storage: file=E:\3-PhD\Data\MocapData\ElaboratedData\009\pre\muscleAnalysis\RunL1\Setup\IK.mot (nr=113 nc=40)
Loaded model 009_Rajagopal2015_FAI_rra from file E:\3-PhD\Data\MocapData\ElaboratedData\009\pre\009_Rajagopal2015_FAI_rra.osim
Storage: file=E:\3-PhD\Data\MocapData\ElaboratedData\009\pre\muscleAnalysis\RunL1\Setup\IK.mot (nr=113 nc=40)
Loaded model 009_Rajagopal2015_FAI_rra from file E:\3-PhD\Data\MocapData\ElaboratedData\009\pre\009_Rajagopal2015_FAI_rra.osim
Storage: file=E:\3-PhD\Data\MocapData\ElaboratedData\009\pre\muscleAnalysis\RunL1\Setup\IK.mot (nr=113 nc=40)
Loaded model 009_Rajagopal2015_FAI_rra from file E:\3-PhD\Data\MocapData\ElaboratedData\009\pre\009_Rajagopal2015_FAI_rra.osim
Storage: file=E:\3-PhD\Data\MocapData\ElaboratedData\009\pre\muscleAnalysis\RunL2\Setup\IK.mot (nr=34 nc=40)
Loaded model 009_Rajagopal2015_FAI_rra from file E:\3-PhD\Data\MocapData\ElaboratedData\009\pre\009_Rajagopal2015_FAI_rra.osim
Storage: file=E:\3-PhD\Data\MocapData\ElaboratedData\009\pre\muscleAnalysis\RunL3\Setup\IK.mot (nr=34 nc=40)
Loaded model 009_Rajagopal2015_FAI_rra from file E:\3-PhD\Data\MocapData\ElaboratedData\009\pre\009_Rajagopal2015_FAI_rra.osim
Storage: file=E:\3-PhD\Data\MocapData\ElaboratedData\009\pre\muscleAnalysis\Run_baseline1\Setup\IK.mot (nr=97 nc=40)
Loaded model 009_Rajagopal2015_FAI_rra from file E:\3-PhD\Data\MocapData\ElaboratedData\009\pre\009_Rajagopal2015_FAI_rra.osim
Storage: file=E:\3-PhD\Data\MocapData\ElaboratedData\009\pre\muscleAnalysis\Run_baseline2\Setup\IK.mot (nr=38 nc=40)
Loaded model 009_Rajagopal2015_FAI_rra from file E:\3-PhD\Data\MocapData\ElaboratedData\009\pre\009_Rajagopal2015_FAI_rra.osim
Storage: file=E:\3-PhD\Data\MocapData\ElaboratedData\009\pre\muscleAnalysis\Run_baseline3\Setup\IK.mot (nr=39 nc=40)
Loaded model 009_Rajagopal2015_FAI_rra from file E:\3-PhD\Data\MocapData\ElaboratedData\009\pre\009_Rajagopal2015_FAI_rra.osim
Storage: file=E:\3-PhD\Data\MocapData\ElaboratedData\009\pre\muscleAnalysis\RunL1\Setup\IK.mot (nr=113 nc=40)
Loaded model 009_Rajagopal2015_FAI_rra from file E:\3-PhD\Data\MocapData\ElaboratedData\009\pre\009_Rajagopal2015_FAI_rra.osim
Storage: file=E:\3-PhD\Data\MocapData\ElaboratedData\009\pre\muscleAnalysis\RunL2\Setup\IK.mot (nr=34 nc=40)
Loaded model 009_Rajagopal2015_FAI_rra from file E:\3-PhD\Data\MocapData\ElaboratedData\009\pre\009_Rajagopal2015_FAI_rra.osim
Storage: file=E:\3-PhD\Data\MocapData\ElaboratedData\009\pre\muscleAnalysis\RunL3\Setup\IK.mot (nr=36 nc=40)
Loaded model 009_Rajagopal2015_FAI_rra from file E:\3-PhD\Data\MocapData\ElaboratedData\009\pre\009_Rajagopal2015_FAI_rra.osim
Storage: file=E:\3-PhD\Data\MocapData\ElaboratedData\009\pre\muscleAnalysis\Run_baseline1\Setup\IK.mot (nr=98 nc=40)
Loaded model 009_Rajagopal2015_FAI_rra from file E:\3-PhD\Data\MocapData\ElaboratedData\009\pre\009_Rajagopal2015_FAI_rra.osim
Storage: file=E:\3-PhD\Data\MocapData\ElaboratedData\009\pre\muscleAnalysis\Run_baseline2\Setup\IK.mot (nr=39 nc=40)
Loaded model 009_Rajagopal2015_FAI_rra from file E:\3-PhD\Data\MocapData\ElaboratedData\009\pre\009_Rajagopal2015_FAI_rra.osim
Storage: file=E:\3-PhD\Data\MocapData\ElaboratedData\009\pre\muscleAnalysis\Run_baseline3\Setup\IK.mot (nr=40 nc=40)
Loaded model 033 from file E:\3-PhD\Data\MocapData\ElaboratedData\033\pre\033_Rajagopal2015_FAI.osim
Storage: file=E:\3-PhD\Data\MocapData\ElaboratedData\033\pre\muscleAnalysis\RunL1\Setup\IK.mot (nr=117 nc=40)
Loaded model 033 from file E:\3-PhD\Data\MocapData\ElaboratedData\033\pre\033_Rajagopal2015_FAI.osim
Storage: file=E:\3-PhD\Data\MocapData\ElaboratedData\033\pre\muscleAnalysis\RunL2\Setup\IK.mot (nr=43 nc=40)
Loaded model 033 from file E:\3-PhD\Data\MocapData\ElaboratedData\033\pre\033_Rajagopal2015_FAI.osim
Storage: file=E:\3-PhD\Data\MocapData\ElaboratedData\033\pre\muscleAnalysis\RunL3\Setup\IK.mot (nr=42 nc=40)
Loaded model 033 from file E:\3-PhD\Data\MocapData\ElaboratedData\033\pre\033_Rajagopal2015_FAI.osim
Storage: file=E:\3-PhD\Data\MocapData\ElaboratedData\033\pre\muscleAnalysis\Run_baselineA1\Setup\IK.mot (nr=106 nc=40)
Loaded model 033 from file E:\3-PhD\Data\MocapData\ElaboratedData\033\pre\033_Rajagopal2015_FAI.osim
Storage: file=E:\3-PhD\Data\MocapData\ElaboratedData\033\pre\muscleAnalysis\Run_baselineA3\Setup\IK.mot (nr=43 nc=40)
Loaded model 033 from file E:\3-PhD\Data\MocapData\ElaboratedData\033\pre\033_Rajagopal2015_FAI.osim
Storage: file=E:\3-PhD\Data\MocapData\ElaboratedData\033\pre\muscleAnalysis\Run_baselineB1\Setup\IK.mot (nr=108 nc=40)
Loaded model 033 from file E:\3-PhD\Data\MocapData\ElaboratedData\033\pre\033_Rajagopal2015_FAI.osim
Storage: file=E:\3-PhD\Data\MocapData\ElaboratedData\033\pre\muscleAnalysis\Run_baselineB2\Setup\IK.mot (nr=39 nc=40)
Loaded model 033 from file E:\3-PhD\Data\MocapData\ElaboratedData\033\pre\033_Rajagopal2015_FAI.osim
Storage: file=E:\3-PhD\Data\MocapData\ElaboratedData\033\pre\muscleAnalysis\Run_baselineB3\Setup\IK.mot (nr=39 nc=40)
Loaded model 012 from file E:\3-PhD\Data\MocapData\ElaboratedData\012\pre\012_Rajagopal2015_FAI.osim
Loaded model 012 from file E:\3-PhD\Data\MocapData\ElaboratedData\012\pre\012_Rajagopal2015_FAI.osim
Loaded model 012 from file E:\3-PhD\Data\MocapData\ElaboratedData\012\pre\012_Rajagopal2015_FAI.osim
Loaded model 012 from file E:\3-PhD\Data\MocapData\ElaboratedData\012\pre\012_Rajagopal2015_FAI.osim
Loaded model 012 from file E:\3-PhD\Data\MocapData\ElaboratedData\012\pre\012_Rajagopal2015_FAI.osim
Loaded model 012 from file E:\3-PhD\Data\MocapData\ElaboratedData\012\pre\012_Rajagopal2015_FAI.osim
Loaded model 012 from file E:\3-PhD\Data\MocapData\ElaboratedData\012\pre\012_Rajagopal2015_FAI.osim
Loaded model 012 from file E:\3-PhD\Data\MocapData\ElaboratedData\012\pre\012_Rajagopal2015_FAI.osim
Loaded model 012 from file E:\3-PhD\Data\MocapData\ElaboratedData\012\pre\012_Rajagopal2015_FAI.osim
Loaded model 012 from file E:\3-PhD\Data\MocapData\ElaboratedData\012\pre\012_Rajagopal2015_FAI.osim
Loaded model 012 from file E:\3-PhD\Data\MocapData\ElaboratedData\012\pre\012_Rajagopal2015_FAI.osim
Loaded model 012 from file E:\3-PhD\Data\MocapData\ElaboratedData\012\pre\012_Rajagopal2015_FAI.osim
Loaded model 012 from file E:\3-PhD\Data\MocapData\ElaboratedData\012\pre\012_Rajagopal2015_FAI.osim
Loaded model 012 from file E:\3-PhD\Data\MocapData\ElaboratedData\012\pre\012_Rajagopal2015_FAI.osim
Loaded model 012 from file E:\3-PhD\Data\MocapData\ElaboratedData\012\pre\012_Rajagopal2015_FAI.osim
Loaded model 012_Rajagopal2015_FAI_rra from file E:\3-PhD\Data\MocapData\ElaboratedData\012\pre\012_Rajagopal2015_FAI_rra.osim
Storage: file=E:\3-PhD\Data\MocapData\ElaboratedData\012\pre\muscleAnalysis\RunL1\Setup\IK.mot (nr=120 nc=40)
Loaded model 012_Rajagopal2015_FAI_rra from file E:\3-PhD\Data\MocapData\ElaboratedData\012\pre\012_Rajagopal2015_FAI_rra.osim
Storage: file=E:\3-PhD\Data\MocapData\ElaboratedData\012\pre\muscleAnalysis\RunL2\Setup\IK.mot (nr=45 nc=40)
Loaded model 012_Rajagopal2015_FAI_rra from file E:\3-PhD\Data\MocapData\ElaboratedData\012\pre\012_Rajagopal2015_FAI_rra.osim
Storage: file=E:\3-PhD\Data\MocapData\ElaboratedData\012\pre\muscleAnalysis\RunL3\Setup\IK.mot (nr=57 nc=40)
Loaded model 012_Rajagopal2015_FAI_rra from file E:\3-PhD\Data\MocapData\ElaboratedData\012\pre\012_Rajagopal2015_FAI_rra.osim
Storage: file=E:\3-PhD\Data\MocapData\ElaboratedData\012\pre\muscleAnalysis\Run_baselineA1\Setup\IK.mot (nr=104 nc=40)
Loaded model 012_Rajagopal2015_FAI_rra from file E:\3-PhD\Data\MocapData\ElaboratedData\012\pre\012_Rajagopal2015_FAI_rra.osim
Storage: file=E:\3-PhD\Data\MocapData\ElaboratedData\012\pre\muscleAnalysis\Run_baselineA2\Setup\IK.mot (nr=55 nc=40)
Loaded model 012_Rajagopal2015_FAI_rra from file E:\3-PhD\Data\MocapData\ElaboratedData\012\pre\012_Rajagopal2015_FAI_rra.osim
Storage: file=E:\3-PhD\Data\MocapData\ElaboratedData\012\pre\muscleAnalysis\Run_baselineA3\Setup\IK.mot (nr=59 nc=40)
Loaded model 012_Rajagopal2015_FAI_rra from file E:\3-PhD\Data\MocapData\ElaboratedData\012\pre\012_Rajagopal2015_FAI_rra.osim
Storage: file=E:\3-PhD\Data\MocapData\ElaboratedData\012\pre\muscleAnalysis\Run_baselineB1\Setup\IK.mot (nr=91 nc=40)
Loaded model 012_Rajagopal2015_FAI_rra from file E:\3-PhD\Data\MocapData\ElaboratedData\012\pre\012_Rajagopal2015_FAI_rra.osim
Storage: file=E:\3-PhD\Data\MocapData\ElaboratedData\012\pre\muscleAnalysis\Run_baselineB2\Setup\IK.mot (nr=47 nc=40)
Loaded model 012_Rajagopal2015_FAI_rra from file E:\3-PhD\Data\MocapData\ElaboratedData\012\pre\012_Rajagopal2015_FAI_rra.osim
Storage: file=E:\3-PhD\Data\MocapData\ElaboratedData\012\pre\muscleAnalysis\Run_baselineB3\Setup\IK.mot (nr=57 nc=40)
Loaded model 013 from file E:\3-PhD\Data\MocapData\ElaboratedData\013\pre\013_Rajagopal2015_FAI.osim
Loaded model 013_Rajagopal2015_FAI_rra from file E:\3-PhD\Data\MocapData\ElaboratedData\013\pre\013_Rajagopal2015_FAI_rra.osim
Storage: file=E:\3-PhD\Data\MocapData\ElaboratedData\013\pre\muscleAnalysis\RunL1\Setup\IK.mot (nr=129 nc=40)
Loaded model 013_Rajagopal2015_FAI_rra from file E:\3-PhD\Data\MocapData\ElaboratedData\013\pre\013_Rajagopal2015_FAI_rra.osim
Storage: file=E:\3-PhD\Data\MocapData\ElaboratedData\013\pre\muscleAnalysis\RunL2\Setup\IK.mot (nr=44 nc=40)
Loaded model 013_Rajagopal2015_FAI_rra from file E:\3-PhD\Data\MocapData\ElaboratedData\013\pre\013_Rajagopal2015_FAI_rra.osim
Storage: file=E:\3-PhD\Data\MocapData\ElaboratedData\013\pre\muscleAnalysis\RunL3\Setup\IK.mot (nr=43 nc=40)
Loaded model 013_Rajagopal2015_FAI_rra from file E:\3-PhD\Data\MocapData\ElaboratedData\013\pre\013_Rajagopal2015_FAI_rra.osim
Storage: file=E:\3-PhD\Data\MocapData\ElaboratedData\013\pre\muscleAnalysis\Run_baselineA1\Setup\IK.mot (nr=101 nc=40)
Loaded model 013_Rajagopal2015_FAI_rra from file E:\3-PhD\Data\MocapData\ElaboratedData\013\pre\013_Rajagopal2015_FAI_rra.osim
Storage: file=E:\3-PhD\Data\MocapData\ElaboratedData\013\pre\muscleAnalysis\Run_baselineA2\Setup\IK.mot (nr=37 nc=40)
Loaded model 013_Rajagopal2015_FAI_rra from file E:\3-PhD\Data\MocapData\ElaboratedData\013\pre\013_Rajagopal2015_FAI_rra.osim
Storage: file=E:\3-PhD\Data\MocapData\ElaboratedData\013\pre\muscleAnalysis\Run_baselineA3\Setup\IK.mot (nr=39 nc=40)
Loaded model 015 from file E:\3-PhD\Data\MocapData\ElaboratedData\015\pre\015_Rajagopal2015_FAI.osim
Loaded model 015 from file E:\3-PhD\Data\MocapData\ElaboratedData\015\pre\015_Rajagopal2015_FAI.osim
Loaded model 015_Rajagopal2015_FAI_rra from file E:\3-PhD\Data\MocapData\ElaboratedData\015\pre\015_Rajagopal2015_FAI_rra.osim
Storage: file=E:\3-PhD\Data\MocapData\ElaboratedData\015\pre\muscleAnalysis\RunL1\Setup\IK.mot (nr=182 nc=40)
Loaded model 015_Rajagopal2015_FAI_rra from file E:\3-PhD\Data\MocapData\ElaboratedData\015\pre\015_Rajagopal2015_FAI_rra.osim
Storage: file=E:\3-PhD\Data\MocapData\ElaboratedData\015\pre\muscleAnalysis\RunL2\Setup\IK.mot (nr=53 nc=40)
Loaded model 015_Rajagopal2015_FAI_rra from file E:\3-PhD\Data\MocapData\ElaboratedData\015\pre\015_Rajagopal2015_FAI_rra.osim
Storage: file=E:\3-PhD\Data\MocapData\ElaboratedData\015\pre\muscleAnalysis\RunL3\Setup\IK.mot (nr=49 nc=40)
Loaded model 015_Rajagopal2015_FAI_rra from file E:\3-PhD\Data\MocapData\ElaboratedData\015\pre\015_Rajagopal2015_FAI_rra.osim
Storage: file=E:\3-PhD\Data\MocapData\ElaboratedData\015\pre\muscleAnalysis\Run_baselineA1\Setup\IK.mot (nr=96 nc=40)
Loaded model 015_Rajagopal2015_FAI_rra from file E:\3-PhD\Data\MocapData\ElaboratedData\015\pre\015_Rajagopal2015_FAI_rra.osim
Storage: file=E:\3-PhD\Data\MocapData\ElaboratedData\015\pre\muscleAnalysis\Run_baselineA2\Setup\IK.mot (nr=43 nc=40)
Loaded model 015_Rajagopal2015_FAI_rra from file E:\3-PhD\Data\MocapData\ElaboratedData\015\pre\015_Rajagopal2015_FAI_rra.osim
Storage: file=E:\3-PhD\Data\MocapData\ElaboratedData\015\pre\muscleAnalysis\Run_baselineA3\Setup\IK.mot (nr=41 nc=40)
