[2023-01-17 11:36:48.236] [info] Updating Model file from 20303 to latest format...
[2023-01-17 11:36:48.312] [info] Loaded model 3DGaitModel2392 from file C:/Git/MSKmodelling/src/bops_tool/Templates/Models/gait2392_PlugInGait.osim
[2023-01-17 11:36:48.494] [info] ControllerSet 'Controllers' was renamed and is being reset to 'controllerset'.
[2023-01-17 11:36:48.498] [info] ComponentSet 'MiscComponents' was renamed and is being reset to 'componentset'.
[2023-01-17 11:44:54.669] [info] Updating Model file from 10600 to latest format...
[2023-01-17 11:55:19.038] [info] Updating Model file from 20303 to latest format...
[2023-01-17 11:55:19.097] [info] Loaded model 3DGaitModel2392 from file C:\Git\MSKmodelling\src\bops_tool\Templates\Models\gait2392_PlugInGait.osim
[2023-01-17 11:55:19.103] [info] ControllerSet 'Controllers' was renamed and is being reset to 'controllerset'.
[2023-01-17 11:55:19.106] [info] ComponentSet 'MiscComponents' was renamed and is being reset to 'componentset'.
[2023-01-17 11:56:04.409] [info] Updating Model file from 20303 to latest format...
[2023-01-17 11:56:04.470] [info] Loaded model 3DGaitModel2392 from file C:\Git\MSKmodelling\src\bops_tool\Templates\Models\gait2392_PlugInGait.osim
[2023-01-17 11:56:04.473] [info] ControllerSet 'Controllers' was renamed and is being reset to 'controllerset'.
[2023-01-17 11:56:04.476] [info] ComponentSet 'MiscComponents' was renamed and is being reset to 'componentset'.
[2023-01-17 12:27:48.956] [info] Loaded model 3DGaitModel2392 from file C:\Git\MSKmodelling\src\bops_tool\Templates\Models\gait2392_PlugInGait_MU2392_Arms_Scale_MarkerSet_PlugInGait.osim
[2023-01-17 12:34:06.614] [info] Loaded model 3DGaitModel2392 from file C:\Git\MSKmodelling\src\bops_tool\Templates\Models\gait2392_PlugInGait_MU2392_Arms_Scale_MarkerSet_PlugInGait.osim
[2023-01-17 12:35:20.405] [info] Loaded model 3DGaitModel2392 from file C:\Git\MSKmodelling\src\bops_tool\Templates\Models\gait2392_PlugInGait_MU2392_Arms_Scale_MarkerSet_PlugInGait.osim
[2023-01-17 13:11:26.659] [info] Loaded model 3DGaitModel2392 from file C:\Git\MSKmodelling\src\bops_tool\Templates\Models\gait2392_PlugInGait_MU2392_Arms_Scale_MarkerSet_PlugInGait.osim
[2023-01-17 13:45:33.801] [info] Loaded model 3DGaitModel2392 from file C:\Git\MSKmodelling\src\bops_tool\Templates\Models\gait2392_PlugInGait_MU2392_Arms_Scale_MarkerSet_PlugInGait.osim
[2023-01-17 14:20:51.123] [info] Updating Model file from 20303 to latest format...
[2023-01-17 14:20:51.188] [info] Loaded model 3DGaitModel2392 from file C:\Git\MSKmodelling\src\bops_tool\Templates\Models\gait2392_simbody.osim
[2023-01-17 14:20:51.189] [warning] Couldn't find file 'treadmill.vtp'.
[2023-01-17 14:20:51.189] [warning] Couldn't find file 'sacrum.vtp'.
[2023-01-17 14:20:51.189] [warning] Couldn't find file 'pelvis.vtp'.
[2023-01-17 14:20:51.189] [warning] Couldn't find file 'l_pelvis.vtp'.
[2023-01-17 14:20:51.189] [warning] Couldn't find file 'femur_r.vtp'.
[2023-01-17 14:20:51.190] [warning] Couldn't find file 'tibia_r.vtp'.
[2023-01-17 14:20:51.190] [warning] Couldn't find file 'fibula.vtp'.
[2023-01-17 14:20:51.190] [warning] Couldn't find file 'talus.vtp'.
[2023-01-17 14:20:51.190] [warning] Couldn't find file 'foot.vtp'.
[2023-01-17 14:20:51.190] [warning] Couldn't find file 'bofoot.vtp'.
[2023-01-17 14:20:51.190] [warning] Couldn't find file 'femur_l.vtp'.
[2023-01-17 14:20:51.190] [warning] Couldn't find file 'tibia_l.vtp'.
[2023-01-17 14:20:51.190] [warning] Couldn't find file 'l_fibula.vtp'.
[2023-01-17 14:20:51.190] [warning] Couldn't find file 'l_talus.vtp'.
[2023-01-17 14:20:51.190] [warning] Couldn't find file 'l_foot.vtp'.
[2023-01-17 14:20:51.191] [warning] Couldn't find file 'l_bofoot.vtp'.
[2023-01-17 14:20:51.191] [warning] Couldn't find file 'hat_spine.vtp'.
[2023-01-17 14:20:51.191] [warning] Couldn't find file 'hat_jaw.vtp'.
[2023-01-17 14:20:51.191] [warning] Couldn't find file 'hat_skull.vtp'.
[2023-01-17 14:20:51.191] [warning] Couldn't find file 'hat_ribs.vtp'.
[2023-01-17 14:20:51.191] [info] ControllerSet 'Controllers' was renamed and is being reset to 'controllerset'.
[2023-01-17 14:20:51.194] [info] ComponentSet 'MiscComponents' was renamed and is being reset to 'componentset'.
[2023-01-17 14:21:11.236] [info] Loaded model 3DGaitModel2392 from file C:\Git\MSKmodelling\src\bops_tool\Templates\Models\gait2392_simbody_UV_PlugInGait.osim
[2023-01-17 14:31:09.015] [info] Updating Model file from 20303 to latest format...
[2023-01-17 14:31:09.097] [info] Loaded model 3DGaitModel2392 from file C:\Git\MSKmodelling\src\bops_tool\Templates\Models\gait2392_simbody.osim
[2023-01-17 14:31:09.098] [warning] Couldn't find file 'treadmill.vtp'.
[2023-01-17 14:31:09.098] [warning] Couldn't find file 'sacrum.vtp'.
[2023-01-17 14:31:09.098] [warning] Couldn't find file 'pelvis.vtp'.
[2023-01-17 14:31:09.098] [warning] Couldn't find file 'l_pelvis.vtp'.
[2023-01-17 14:31:09.099] [warning] Couldn't find file 'femur_r.vtp'.
[2023-01-17 14:31:09.099] [warning] Couldn't find file 'tibia_r.vtp'.
[2023-01-17 14:31:09.099] [warning] Couldn't find file 'fibula.vtp'.
[2023-01-17 14:31:09.099] [warning] Couldn't find file 'talus.vtp'.
[2023-01-17 14:31:09.099] [warning] Couldn't find file 'foot.vtp'.
[2023-01-17 14:31:09.099] [warning] Couldn't find file 'bofoot.vtp'.
[2023-01-17 14:31:09.100] [warning] Couldn't find file 'femur_l.vtp'.
[2023-01-17 14:31:09.100] [warning] Couldn't find file 'tibia_l.vtp'.
[2023-01-17 14:31:09.100] [warning] Couldn't find file 'l_fibula.vtp'.
[2023-01-17 14:31:09.100] [warning] Couldn't find file 'l_talus.vtp'.
[2023-01-17 14:31:09.101] [warning] Couldn't find file 'l_foot.vtp'.
[2023-01-17 14:31:09.101] [warning] Couldn't find file 'l_bofoot.vtp'.
[2023-01-17 14:31:09.101] [warning] Couldn't find file 'hat_spine.vtp'.
[2023-01-17 14:31:09.101] [warning] Couldn't find file 'hat_jaw.vtp'.
[2023-01-17 14:31:09.101] [warning] Couldn't find file 'hat_skull.vtp'.
[2023-01-17 14:31:09.101] [warning] Couldn't find file 'hat_ribs.vtp'.
[2023-01-17 14:31:09.102] [info] ControllerSet 'Controllers' was renamed and is being reset to 'controllerset'.
[2023-01-17 14:31:09.104] [info] ComponentSet 'MiscComponents' was renamed and is being reset to 'componentset'.
[2023-01-17 14:31:35.163] [info] Loaded model 3DGaitModel2392 from file C:\Git\MSKmodelling\src\bops_tool\Templates\Models\gait2392_simbody_UV_PlugInGait.osim
[2023-01-17 14:37:54.853] [info] Updating Model file from 20303 to latest format...
[2023-01-17 14:37:54.915] [info] Loaded model 3DGaitModel2392 from file C:\Git\MSKmodelling\src\bops_tool\Templates\Models\gait2392_simbody.osim
[2023-01-17 14:37:54.915] [warning] Couldn't find file 'treadmill.vtp'.
[2023-01-17 14:37:54.916] [warning] Couldn't find file 'sacrum.vtp'.
[2023-01-17 14:37:54.916] [warning] Couldn't find file 'pelvis.vtp'.
[2023-01-17 14:37:54.916] [warning] Couldn't find file 'l_pelvis.vtp'.
[2023-01-17 14:37:54.916] [warning] Couldn't find file 'femur_r.vtp'.
[2023-01-17 14:37:54.916] [warning] Couldn't find file 'tibia_r.vtp'.
[2023-01-17 14:37:54.916] [warning] Couldn't find file 'fibula.vtp'.
[2023-01-17 14:37:54.916] [warning] Couldn't find file 'talus.vtp'.
[2023-01-17 14:37:54.916] [warning] Couldn't find file 'foot.vtp'.
[2023-01-17 14:37:54.917] [warning] Couldn't find file 'bofoot.vtp'.
[2023-01-17 14:37:54.917] [warning] Couldn't find file 'femur_l.vtp'.
[2023-01-17 14:37:54.917] [warning] Couldn't find file 'tibia_l.vtp'.
[2023-01-17 14:37:54.917] [warning] Couldn't find file 'l_fibula.vtp'.
[2023-01-17 14:37:54.917] [warning] Couldn't find file 'l_talus.vtp'.
[2023-01-17 14:37:54.917] [warning] Couldn't find file 'l_foot.vtp'.
[2023-01-17 14:37:54.917] [warning] Couldn't find file 'l_bofoot.vtp'.
[2023-01-17 14:37:54.918] [warning] Couldn't find file 'hat_spine.vtp'.
[2023-01-17 14:37:54.918] [warning] Couldn't find file 'hat_jaw.vtp'.
[2023-01-17 14:37:54.918] [warning] Couldn't find file 'hat_skull.vtp'.
[2023-01-17 14:37:54.918] [warning] Couldn't find file 'hat_ribs.vtp'.
[2023-01-17 14:37:54.919] [info] ControllerSet 'Controllers' was renamed and is being reset to 'controllerset'.
[2023-01-17 14:37:54.921] [info] ComponentSet 'MiscComponents' was renamed and is being reset to 'componentset'.
[2023-01-17 14:38:25.917] [info] Updating Model file from 20303 to latest format...
[2023-01-17 14:38:25.977] [info] Loaded model 3DGaitModel2392 from file C:\Git\MSKmodelling\src\bops_tool\Templates\Models\gait2392_simbody.osim
[2023-01-17 14:38:25.978] [warning] Couldn't find file 'treadmill.vtp'.
[2023-01-17 14:38:25.978] [warning] Couldn't find file 'sacrum.vtp'.
[2023-01-17 14:38:25.978] [warning] Couldn't find file 'pelvis.vtp'.
[2023-01-17 14:38:25.978] [warning] Couldn't find file 'l_pelvis.vtp'.
[2023-01-17 14:38:25.978] [warning] Couldn't find file 'femur_r.vtp'.
[2023-01-17 14:38:25.978] [warning] Couldn't find file 'tibia_r.vtp'.
[2023-01-17 14:38:25.978] [warning] Couldn't find file 'fibula.vtp'.
[2023-01-17 14:38:25.979] [warning] Couldn't find file 'talus.vtp'.
[2023-01-17 14:38:25.979] [warning] Couldn't find file 'foot.vtp'.
[2023-01-17 14:38:25.979] [warning] Couldn't find file 'bofoot.vtp'.
[2023-01-17 14:38:25.979] [warning] Couldn't find file 'femur_l.vtp'.
[2023-01-17 14:38:25.979] [warning] Couldn't find file 'tibia_l.vtp'.
[2023-01-17 14:38:25.979] [warning] Couldn't find file 'l_fibula.vtp'.
[2023-01-17 14:38:25.979] [warning] Couldn't find file 'l_talus.vtp'.
[2023-01-17 14:38:25.979] [warning] Couldn't find file 'l_foot.vtp'.
[2023-01-17 14:38:25.979] [warning] Couldn't find file 'l_bofoot.vtp'.
[2023-01-17 14:38:25.980] [warning] Couldn't find file 'hat_spine.vtp'.
[2023-01-17 14:38:25.980] [warning] Couldn't find file 'hat_jaw.vtp'.
[2023-01-17 14:38:25.980] [warning] Couldn't find file 'hat_skull.vtp'.
[2023-01-17 14:38:25.980] [warning] Couldn't find file 'hat_ribs.vtp'.
[2023-01-17 14:38:25.980] [info] ControllerSet 'Controllers' was renamed and is being reset to 'controllerset'.
[2023-01-17 14:38:25.983] [info] ComponentSet 'MiscComponents' was renamed and is being reset to 'componentset'.
[2023-01-17 14:41:34.585] [info] Updating Model file from 20303 to latest format...
[2023-01-17 14:41:38.425] [info] Loaded model 3DGaitModel2392 from file C:\Git\MSKmodelling\src\bops_tool\Templates\Models\gait2392_simbody.osim
[2023-01-17 14:41:38.426] [warning] Couldn't find file 'treadmill.vtp'.
[2023-01-17 14:41:38.426] [warning] Couldn't find file 'sacrum.vtp'.
[2023-01-17 14:41:38.427] [warning] Couldn't find file 'pelvis.vtp'.
[2023-01-17 14:41:38.427] [warning] Couldn't find file 'l_pelvis.vtp'.
[2023-01-17 14:41:38.428] [warning] Couldn't find file 'femur_r.vtp'.
[2023-01-17 14:41:38.428] [warning] Couldn't find file 'tibia_r.vtp'.
[2023-01-17 14:41:38.428] [warning] Couldn't find file 'fibula.vtp'.
[2023-01-17 14:41:38.429] [warning] Couldn't find file 'talus.vtp'.
[2023-01-17 14:41:38.429] [warning] Couldn't find file 'foot.vtp'.
[2023-01-17 14:41:38.430] [warning] Couldn't find file 'bofoot.vtp'.
[2023-01-17 14:41:38.430] [warning] Couldn't find file 'femur_l.vtp'.
[2023-01-17 14:41:38.431] [warning] Couldn't find file 'tibia_l.vtp'.
[2023-01-17 14:41:38.431] [warning] Couldn't find file 'l_fibula.vtp'.
[2023-01-17 14:41:38.431] [warning] Couldn't find file 'l_talus.vtp'.
[2023-01-17 14:41:38.432] [warning] Couldn't find file 'l_foot.vtp'.
[2023-01-17 14:41:38.432] [warning] Couldn't find file 'l_bofoot.vtp'.
[2023-01-17 14:41:38.433] [warning] Couldn't find file 'hat_spine.vtp'.
[2023-01-17 14:41:38.433] [warning] Couldn't find file 'hat_jaw.vtp'.
[2023-01-17 14:41:38.433] [warning] Couldn't find file 'hat_skull.vtp'.
[2023-01-17 14:41:38.434] [warning] Couldn't find file 'hat_ribs.vtp'.
[2023-01-17 14:41:38.438] [info] ControllerSet 'Controllers' was renamed and is being reset to 'controllerset'.
[2023-01-17 14:41:38.510] [info] ComponentSet 'MiscComponents' was renamed and is being reset to 'componentset'.
[2023-11-06 15:13:50.927] [info] Updating Model file from 30000 to latest format...
[2023-11-06 15:13:51.041] [info] Loaded model FullBodyModel_MuscleActuatedLowerLimb_TorqueActuatedUpperBody from file C:\Git\MSKmodelling\src\bops_tool\Templates\Models\Rajagopal2015.osim
[2023-11-06 15:13:51.043] [warning] Couldn't find file 'r_pelvis.vtp'.
[2023-11-06 15:13:51.043] [warning] Couldn't find file 'l_pelvis.vtp'.
[2023-11-06 15:13:51.043] [warning] Couldn't find file 'sacrum.vtp'.
[2023-11-06 15:13:51.044] [warning] Couldn't find file 'r_femur.vtp'.
[2023-11-06 15:13:51.044] [warning] Couldn't find file 'r_tibia.vtp'.
[2023-11-06 15:13:51.044] [warning] Couldn't find file 'r_fibula.vtp'.
[2023-11-06 15:13:51.045] [warning] Couldn't find file 'r_patella.vtp'.
[2023-11-06 15:13:51.045] [warning] Couldn't find file 'r_talus.vtp'.
[2023-11-06 15:13:51.045] [warning] Couldn't find file 'r_foot.vtp'.
[2023-11-06 15:13:51.045] [warning] Couldn't find file 'r_bofoot.vtp'.
[2023-11-06 15:13:51.045] [warning] Couldn't find file 'l_femur.vtp'.
[2023-11-06 15:13:51.045] [warning] Couldn't find file 'l_tibia.vtp'.
[2023-11-06 15:13:51.045] [warning] Couldn't find file 'l_fibula.vtp'.
[2023-11-06 15:13:51.045] [warning] Couldn't find file 'l_patella.vtp'.
[2023-11-06 15:13:51.046] [warning] Couldn't find file 'l_talus.vtp'.
[2023-11-06 15:13:51.046] [warning] Couldn't find file 'l_foot.vtp'.
[2023-11-06 15:13:51.046] [warning] Couldn't find file 'l_bofoot.vtp'.
[2023-11-06 15:13:51.046] [warning] Couldn't find file 'hat_spine.vtp'.
[2023-11-06 15:13:51.046] [warning] Couldn't find file 'hat_jaw.vtp'.
[2023-11-06 15:13:51.046] [warning] Couldn't find file 'hat_skull.vtp'.
[2023-11-06 15:13:51.046] [warning] Couldn't find file 'hat_ribs_scap.vtp'.
[2023-11-06 15:13:51.047] [warning] Couldn't find file 'humerus_rv.vtp'.
[2023-11-06 15:13:51.047] [warning] Couldn't find file 'ulna_rv.vtp'.
[2023-11-06 15:13:51.047] [warning] Couldn't find file 'radius_rv.vtp'.
[2023-11-06 15:13:51.047] [warning] Couldn't find file 'pisiform_rvs.vtp'.
[2023-11-06 15:13:51.047] [warning] Couldn't find file 'lunate_rvs.vtp'.
[2023-11-06 15:13:51.047] [warning] Couldn't find file 'scaphoid_rvs.vtp'.
[2023-11-06 15:13:51.048] [warning] Couldn't find file 'triquetrum_rvs.vtp'.
[2023-11-06 15:13:51.048] [warning] Couldn't find file 'hamate_rvs.vtp'.
[2023-11-06 15:13:51.048] [warning] Couldn't find file 'capitate_rvs.vtp'.
[2023-11-06 15:13:51.048] [warning] Couldn't find file 'trapezoid_rvs.vtp'.
[2023-11-06 15:13:51.048] [warning] Couldn't find file 'trapezium_rvs.vtp'.
[2023-11-06 15:13:51.048] [warning] Couldn't find file 'metacarpal2_rvs.vtp'.
[2023-11-06 15:13:51.048] [warning] Couldn't find file 'index_proximal_rvs.vtp'.
[2023-11-06 15:13:51.048] [warning] Couldn't find file 'index_medial_rvs.vtp'.
[2023-11-06 15:13:51.048] [warning] Couldn't find file 'index_distal_rvs.vtp'.
[2023-11-06 15:13:51.049] [warning] Couldn't find file 'metacarpal3_rvs.vtp'.
[2023-11-06 15:13:51.049] [warning] Couldn't find file 'middle_proximal_rvs.vtp'.
[2023-11-06 15:13:51.049] [warning] Couldn't find file 'middle_medial_rvs.vtp'.
[2023-11-06 15:13:51.049] [warning] Couldn't find file 'middle_distal_rvs.vtp'.
[2023-11-06 15:13:51.049] [warning] Couldn't find file 'metacarpal4_rvs.vtp'.
[2023-11-06 15:13:51.049] [warning] Couldn't find file 'ring_proximal_rvs.vtp'.
[2023-11-06 15:13:51.049] [warning] Couldn't find file 'ring_medial_rvs.vtp'.
[2023-11-06 15:13:51.049] [warning] Couldn't find file 'ring_distal_rvs.vtp'.
[2023-11-06 15:13:51.049] [warning] Couldn't find file 'metacarpal5_rvs.vtp'.
[2023-11-06 15:13:51.050] [warning] Couldn't find file 'little_proximal_rvs.vtp'.
[2023-11-06 15:13:51.050] [warning] Couldn't find file 'little_medial_rvs.vtp'.
[2023-11-06 15:13:51.050] [warning] Couldn't find file 'little_distal_rvs.vtp'.
[2023-11-06 15:13:51.050] [warning] Couldn't find file 'metacarpal1_rvs.vtp'.
[2023-11-06 15:13:51.050] [warning] Couldn't find file 'thumb_proximal_rvs.vtp'.
[2023-11-06 15:13:51.050] [warning] Couldn't find file 'thumb_distal_rvs.vtp'.
[2023-11-06 15:13:51.050] [warning] Couldn't find file 'humerus_lv.vtp'.
[2023-11-06 15:13:51.051] [warning] Couldn't find file 'ulna_lv.vtp'.
[2023-11-06 15:13:51.051] [warning] Couldn't find file 'radius_lv.vtp'.
[2023-11-06 15:13:51.051] [warning] Couldn't find file 'pisiform_lvs.vtp'.
[2023-11-06 15:13:51.051] [warning] Couldn't find file 'lunate_lvs.vtp'.
[2023-11-06 15:13:51.051] [warning] Couldn't find file 'scaphoid_lvs.vtp'.
[2023-11-06 15:13:51.051] [warning] Couldn't find file 'triquetrum_lvs.vtp'.
[2023-11-06 15:13:51.051] [warning] Couldn't find file 'hamate_lvs.vtp'.
[2023-11-06 15:13:51.051] [warning] Couldn't find file 'capitate_lvs.vtp'.
[2023-11-06 15:13:51.052] [warning] Couldn't find file 'trapezoid_lvs.vtp'.
[2023-11-06 15:13:51.052] [warning] Couldn't find file 'trapezium_lvs.vtp'.
[2023-11-06 15:13:51.052] [warning] Couldn't find file 'metacarpal2_lvs.vtp'.
[2023-11-06 15:13:51.052] [warning] Couldn't find file 'index_proximal_lvs.vtp'.
[2023-11-06 15:13:51.052] [warning] Couldn't find file 'index_medial_lvs.vtp'.
[2023-11-06 15:13:51.052] [warning] Couldn't find file 'index_distal_lvs.vtp'.
[2023-11-06 15:13:51.052] [warning] Couldn't find file 'metacarpal3_lvs.vtp'.
[2023-11-06 15:13:51.052] [warning] Couldn't find file 'middle_proximal_lvs.vtp'.
[2023-11-06 15:13:51.052] [warning] Couldn't find file 'middle_medial_lvs.vtp'.
[2023-11-06 15:13:51.053] [warning] Couldn't find file 'middle_distal_lvs.vtp'.
[2023-11-06 15:13:51.053] [warning] Couldn't find file 'metacarpal4_lvs.vtp'.
[2023-11-06 15:13:51.053] [warning] Couldn't find file 'ring_proximal_lvs.vtp'.
[2023-11-06 15:13:51.053] [warning] Couldn't find file 'ring_medial_lvs.vtp'.
[2023-11-06 15:13:51.053] [warning] Couldn't find file 'ring_distal_lvs.vtp'.
[2023-11-06 15:13:51.053] [warning] Couldn't find file 'metacarpal5_lvs.vtp'.
[2023-11-06 15:13:51.053] [warning] Couldn't find file 'little_proximal_lvs.vtp'.
[2023-11-06 15:13:51.054] [warning] Couldn't find file 'little_medial_lvs.vtp'.
[2023-11-06 15:13:51.054] [warning] Couldn't find file 'little_distal_lvs.vtp'.
[2023-11-06 15:13:51.054] [warning] Couldn't find file 'metacarpal1_lvs.vtp'.
[2023-11-06 15:13:51.054] [warning] Couldn't find file 'thumb_proximal_lvs.vtp'.
[2023-11-06 15:13:51.054] [warning] Couldn't find file 'thumb_distal_lvs.vtp'.
[2023-11-06 15:15:42.036] [info] Updating Model file from 30000 to latest format...
[2023-11-06 15:15:42.137] [info] Loaded model FullBodyModel_MuscleActuatedLowerLimb_TorqueActuatedUpperBody from file C:\Git\MSKmodelling\src\bops_tool\Templates\Models\Rajagopal2015.osim
[2023-11-06 15:15:42.138] [warning] Couldn't find file 'r_pelvis.vtp'.
[2023-11-06 15:15:42.138] [warning] Couldn't find file 'l_pelvis.vtp'.
[2023-11-06 15:15:42.139] [warning] Couldn't find file 'sacrum.vtp'.
[2023-11-06 15:15:42.139] [warning] Couldn't find file 'r_femur.vtp'.
[2023-11-06 15:15:42.139] [warning] Couldn't find file 'r_tibia.vtp'.
[2023-11-06 15:15:42.139] [warning] Couldn't find file 'r_fibula.vtp'.
[2023-11-06 15:15:42.139] [warning] Couldn't find file 'r_patella.vtp'.
[2023-11-06 15:15:42.139] [warning] Couldn't find file 'r_talus.vtp'.
[2023-11-06 15:15:42.139] [warning] Couldn't find file 'r_foot.vtp'.
[2023-11-06 15:15:42.139] [warning] Couldn't find file 'r_bofoot.vtp'.
[2023-11-06 15:15:42.140] [warning] Couldn't find file 'l_femur.vtp'.
[2023-11-06 15:15:42.140] [warning] Couldn't find file 'l_tibia.vtp'.
[2023-11-06 15:15:42.140] [warning] Couldn't find file 'l_fibula.vtp'.
[2023-11-06 15:15:42.140] [warning] Couldn't find file 'l_patella.vtp'.
[2023-11-06 15:15:42.140] [warning] Couldn't find file 'l_talus.vtp'.
[2023-11-06 15:15:42.140] [warning] Couldn't find file 'l_foot.vtp'.
[2023-11-06 15:15:42.140] [warning] Couldn't find file 'l_bofoot.vtp'.
[2023-11-06 15:15:42.140] [warning] Couldn't find file 'hat_spine.vtp'.
[2023-11-06 15:15:42.140] [warning] Couldn't find file 'hat_jaw.vtp'.
[2023-11-06 15:15:42.141] [warning] Couldn't find file 'hat_skull.vtp'.
[2023-11-06 15:15:42.141] [warning] Couldn't find file 'hat_ribs_scap.vtp'.
[2023-11-06 15:15:42.141] [warning] Couldn't find file 'humerus_rv.vtp'.
[2023-11-06 15:15:42.141] [warning] Couldn't find file 'ulna_rv.vtp'.
[2023-11-06 15:15:42.141] [warning] Couldn't find file 'radius_rv.vtp'.
[2023-11-06 15:15:42.141] [warning] Couldn't find file 'pisiform_rvs.vtp'.
[2023-11-06 15:15:42.141] [warning] Couldn't find file 'lunate_rvs.vtp'.
[2023-11-06 15:15:42.141] [warning] Couldn't find file 'scaphoid_rvs.vtp'.
[2023-11-06 15:15:42.142] [warning] Couldn't find file 'triquetrum_rvs.vtp'.
[2023-11-06 15:15:42.142] [warning] Couldn't find file 'hamate_rvs.vtp'.
[2023-11-06 15:15:42.142] [warning] Couldn't find file 'capitate_rvs.vtp'.
[2023-11-06 15:15:42.142] [warning] Couldn't find file 'trapezoid_rvs.vtp'.
[2023-11-06 15:15:42.142] [warning] Couldn't find file 'trapezium_rvs.vtp'.
[2023-11-06 15:15:42.142] [warning] Couldn't find file 'metacarpal2_rvs.vtp'.
[2023-11-06 15:15:42.142] [warning] Couldn't find file 'index_proximal_rvs.vtp'.
[2023-11-06 15:15:42.142] [warning] Couldn't find file 'index_medial_rvs.vtp'.
[2023-11-06 15:15:42.143] [warning] Couldn't find file 'index_distal_rvs.vtp'.
[2023-11-06 15:15:42.143] [warning] Couldn't find file 'metacarpal3_rvs.vtp'.
[2023-11-06 15:15:42.143] [warning] Couldn't find file 'middle_proximal_rvs.vtp'.
[2023-11-06 15:15:42.143] [warning] Couldn't find file 'middle_medial_rvs.vtp'.
[2023-11-06 15:15:42.144] [warning] Couldn't find file 'middle_distal_rvs.vtp'.
[2023-11-06 15:15:42.144] [warning] Couldn't find file 'metacarpal4_rvs.vtp'.
[2023-11-06 15:15:42.144] [warning] Couldn't find file 'ring_proximal_rvs.vtp'.
[2023-11-06 15:15:42.144] [warning] Couldn't find file 'ring_medial_rvs.vtp'.
[2023-11-06 15:15:42.144] [warning] Couldn't find file 'ring_distal_rvs.vtp'.
[2023-11-06 15:15:42.144] [warning] Couldn't find file 'metacarpal5_rvs.vtp'.
[2023-11-06 15:15:42.145] [warning] Couldn't find file 'little_proximal_rvs.vtp'.
[2023-11-06 15:15:42.145] [warning] Couldn't find file 'little_medial_rvs.vtp'.
[2023-11-06 15:15:42.145] [warning] Couldn't find file 'little_distal_rvs.vtp'.
[2023-11-06 15:15:42.145] [warning] Couldn't find file 'metacarpal1_rvs.vtp'.
[2023-11-06 15:15:42.145] [warning] Couldn't find file 'thumb_proximal_rvs.vtp'.
[2023-11-06 15:15:42.145] [warning] Couldn't find file 'thumb_distal_rvs.vtp'.
[2023-11-06 15:15:42.145] [warning] Couldn't find file 'humerus_lv.vtp'.
[2023-11-06 15:15:42.145] [warning] Couldn't find file 'ulna_lv.vtp'.
[2023-11-06 15:15:42.146] [warning] Couldn't find file 'radius_lv.vtp'.
[2023-11-06 15:15:42.146] [warning] Couldn't find file 'pisiform_lvs.vtp'.
[2023-11-06 15:15:42.146] [warning] Couldn't find file 'lunate_lvs.vtp'.
[2023-11-06 15:15:42.146] [warning] Couldn't find file 'scaphoid_lvs.vtp'.
[2023-11-06 15:15:42.146] [warning] Couldn't find file 'triquetrum_lvs.vtp'.
[2023-11-06 15:15:42.146] [warning] Couldn't find file 'hamate_lvs.vtp'.
[2023-11-06 15:15:42.146] [warning] Couldn't find file 'capitate_lvs.vtp'.
[2023-11-06 15:15:42.146] [warning] Couldn't find file 'trapezoid_lvs.vtp'.
[2023-11-06 15:15:42.147] [warning] Couldn't find file 'trapezium_lvs.vtp'.
[2023-11-06 15:15:42.147] [warning] Couldn't find file 'metacarpal2_lvs.vtp'.
[2023-11-06 15:15:42.147] [warning] Couldn't find file 'index_proximal_lvs.vtp'.
[2023-11-06 15:15:42.147] [warning] Couldn't find file 'index_medial_lvs.vtp'.
[2023-11-06 15:15:42.147] [warning] Couldn't find file 'index_distal_lvs.vtp'.
[2023-11-06 15:15:42.147] [warning] Couldn't find file 'metacarpal3_lvs.vtp'.
[2023-11-06 15:15:42.147] [warning] Couldn't find file 'middle_proximal_lvs.vtp'.
[2023-11-06 15:15:42.147] [warning] Couldn't find file 'middle_medial_lvs.vtp'.
[2023-11-06 15:15:42.147] [warning] Couldn't find file 'middle_distal_lvs.vtp'.
[2023-11-06 15:15:42.147] [warning] Couldn't find file 'metacarpal4_lvs.vtp'.
[2023-11-06 15:15:42.148] [warning] Couldn't find file 'ring_proximal_lvs.vtp'.
[2023-11-06 15:15:42.148] [warning] Couldn't find file 'ring_medial_lvs.vtp'.
[2023-11-06 15:15:42.148] [warning] Couldn't find file 'ring_distal_lvs.vtp'.
[2023-11-06 15:15:42.148] [warning] Couldn't find file 'metacarpal5_lvs.vtp'.
[2023-11-06 15:15:42.148] [warning] Couldn't find file 'little_proximal_lvs.vtp'.
[2023-11-06 15:15:42.148] [warning] Couldn't find file 'little_medial_lvs.vtp'.
[2023-11-06 15:15:42.148] [warning] Couldn't find file 'little_distal_lvs.vtp'.
[2023-11-06 15:15:42.148] [warning] Couldn't find file 'metacarpal1_lvs.vtp'.
[2023-11-06 15:15:42.148] [warning] Couldn't find file 'thumb_proximal_lvs.vtp'.
[2023-11-06 15:15:42.149] [warning] Couldn't find file 'thumb_distal_lvs.vtp'.
[2023-11-06 15:19:02.087] [info] Updating Model file from 30000 to latest format...
[2023-11-06 15:19:02.179] [info] Loaded model FullBodyModel_MuscleActuatedLowerLimb_TorqueActuatedUpperBody from file C:\Git\MSKmodelling\src\bops_tool\Templates\Models\Rajagopal2015.osim
[2023-11-06 15:19:02.180] [warning] Couldn't find file 'r_pelvis.vtp'.
[2023-11-06 15:19:02.180] [warning] Couldn't find file 'l_pelvis.vtp'.
[2023-11-06 15:19:02.180] [warning] Couldn't find file 'sacrum.vtp'.
[2023-11-06 15:19:02.180] [warning] Couldn't find file 'r_femur.vtp'.
[2023-11-06 15:19:02.180] [warning] Couldn't find file 'r_tibia.vtp'.
[2023-11-06 15:19:02.180] [warning] Couldn't find file 'r_fibula.vtp'.
[2023-11-06 15:19:02.181] [warning] Couldn't find file 'r_patella.vtp'.
[2023-11-06 15:19:02.181] [warning] Couldn't find file 'r_talus.vtp'.
[2023-11-06 15:19:02.181] [warning] Couldn't find file 'r_foot.vtp'.
[2023-11-06 15:19:02.181] [warning] Couldn't find file 'r_bofoot.vtp'.
[2023-11-06 15:19:02.181] [warning] Couldn't find file 'l_femur.vtp'.
[2023-11-06 15:19:02.181] [warning] Couldn't find file 'l_tibia.vtp'.
[2023-11-06 15:19:02.182] [warning] Couldn't find file 'l_fibula.vtp'.
[2023-11-06 15:19:02.182] [warning] Couldn't find file 'l_patella.vtp'.
[2023-11-06 15:19:02.182] [warning] Couldn't find file 'l_talus.vtp'.
[2023-11-06 15:19:02.182] [warning] Couldn't find file 'l_foot.vtp'.
[2023-11-06 15:19:02.182] [warning] Couldn't find file 'l_bofoot.vtp'.
[2023-11-06 15:19:02.182] [warning] Couldn't find file 'hat_spine.vtp'.
[2023-11-06 15:19:02.183] [warning] Couldn't find file 'hat_jaw.vtp'.
[2023-11-06 15:19:02.183] [warning] Couldn't find file 'hat_skull.vtp'.
[2023-11-06 15:19:02.183] [warning] Couldn't find file 'hat_ribs_scap.vtp'.
[2023-11-06 15:19:02.183] [warning] Couldn't find file 'humerus_rv.vtp'.
[2023-11-06 15:19:02.183] [warning] Couldn't find file 'ulna_rv.vtp'.
[2023-11-06 15:19:02.183] [warning] Couldn't find file 'radius_rv.vtp'.
[2023-11-06 15:19:02.184] [warning] Couldn't find file 'pisiform_rvs.vtp'.
[2023-11-06 15:19:02.184] [warning] Couldn't find file 'lunate_rvs.vtp'.
[2023-11-06 15:19:02.184] [warning] Couldn't find file 'scaphoid_rvs.vtp'.
[2023-11-06 15:19:02.184] [warning] Couldn't find file 'triquetrum_rvs.vtp'.
[2023-11-06 15:19:02.184] [warning] Couldn't find file 'hamate_rvs.vtp'.
[2023-11-06 15:19:02.184] [warning] Couldn't find file 'capitate_rvs.vtp'.
[2023-11-06 15:19:02.184] [warning] Couldn't find file 'trapezoid_rvs.vtp'.
[2023-11-06 15:19:02.184] [warning] Couldn't find file 'trapezium_rvs.vtp'.
[2023-11-06 15:19:02.184] [warning] Couldn't find file 'metacarpal2_rvs.vtp'.
[2023-11-06 15:19:02.185] [warning] Couldn't find file 'index_proximal_rvs.vtp'.
[2023-11-06 15:19:02.185] [warning] Couldn't find file 'index_medial_rvs.vtp'.
[2023-11-06 15:19:02.185] [warning] Couldn't find file 'index_distal_rvs.vtp'.
[2023-11-06 15:19:02.185] [warning] Couldn't find file 'metacarpal3_rvs.vtp'.
[2023-11-06 15:19:02.185] [warning] Couldn't find file 'middle_proximal_rvs.vtp'.
[2023-11-06 15:19:02.185] [warning] Couldn't find file 'middle_medial_rvs.vtp'.
[2023-11-06 15:19:02.185] [warning] Couldn't find file 'middle_distal_rvs.vtp'.
[2023-11-06 15:19:02.185] [warning] Couldn't find file 'metacarpal4_rvs.vtp'.
[2023-11-06 15:19:02.185] [warning] Couldn't find file 'ring_proximal_rvs.vtp'.
[2023-11-06 15:19:02.185] [warning] Couldn't find file 'ring_medial_rvs.vtp'.
[2023-11-06 15:19:02.186] [warning] Couldn't find file 'ring_distal_rvs.vtp'.
[2023-11-06 15:19:02.186] [warning] Couldn't find file 'metacarpal5_rvs.vtp'.
[2023-11-06 15:19:02.186] [warning] Couldn't find file 'little_proximal_rvs.vtp'.
[2023-11-06 15:19:02.186] [warning] Couldn't find file 'little_medial_rvs.vtp'.
[2023-11-06 15:19:02.186] [warning] Couldn't find file 'little_distal_rvs.vtp'.
[2023-11-06 15:19:02.186] [warning] Couldn't find file 'metacarpal1_rvs.vtp'.
[2023-11-06 15:19:02.186] [warning] Couldn't find file 'thumb_proximal_rvs.vtp'.
[2023-11-06 15:19:02.186] [warning] Couldn't find file 'thumb_distal_rvs.vtp'.
[2023-11-06 15:19:02.186] [warning] Couldn't find file 'humerus_lv.vtp'.
[2023-11-06 15:19:02.187] [warning] Couldn't find file 'ulna_lv.vtp'.
[2023-11-06 15:19:02.187] [warning] Couldn't find file 'radius_lv.vtp'.
[2023-11-06 15:19:02.187] [warning] Couldn't find file 'pisiform_lvs.vtp'.
[2023-11-06 15:19:02.187] [warning] Couldn't find file 'lunate_lvs.vtp'.
[2023-11-06 15:19:02.187] [warning] Couldn't find file 'scaphoid_lvs.vtp'.
[2023-11-06 15:19:02.187] [warning] Couldn't find file 'triquetrum_lvs.vtp'.
[2023-11-06 15:19:02.187] [warning] Couldn't find file 'hamate_lvs.vtp'.
[2023-11-06 15:19:02.187] [warning] Couldn't find file 'capitate_lvs.vtp'.
[2023-11-06 15:19:02.187] [warning] Couldn't find file 'trapezoid_lvs.vtp'.
[2023-11-06 15:19:02.188] [warning] Couldn't find file 'trapezium_lvs.vtp'.
[2023-11-06 15:19:02.188] [warning] Couldn't find file 'metacarpal2_lvs.vtp'.
[2023-11-06 15:19:02.188] [warning] Couldn't find file 'index_proximal_lvs.vtp'.
[2023-11-06 15:19:02.188] [warning] Couldn't find file 'index_medial_lvs.vtp'.
[2023-11-06 15:19:02.188] [warning] Couldn't find file 'index_distal_lvs.vtp'.
[2023-11-06 15:19:02.188] [warning] Couldn't find file 'metacarpal3_lvs.vtp'.
[2023-11-06 15:19:02.188] [warning] Couldn't find file 'middle_proximal_lvs.vtp'.
[2023-11-06 15:19:02.188] [warning] Couldn't find file 'middle_medial_lvs.vtp'.
[2023-11-06 15:19:02.188] [warning] Couldn't find file 'middle_distal_lvs.vtp'.
[2023-11-06 15:19:02.188] [warning] Couldn't find file 'metacarpal4_lvs.vtp'.
[2023-11-06 15:19:02.189] [warning] Couldn't find file 'ring_proximal_lvs.vtp'.
[2023-11-06 15:19:02.189] [warning] Couldn't find file 'ring_medial_lvs.vtp'.
[2023-11-06 15:19:02.189] [warning] Couldn't find file 'ring_distal_lvs.vtp'.
[2023-11-06 15:19:02.189] [warning] Couldn't find file 'metacarpal5_lvs.vtp'.
[2023-11-06 15:19:02.189] [warning] Couldn't find file 'little_proximal_lvs.vtp'.
[2023-11-06 15:19:02.189] [warning] Couldn't find file 'little_medial_lvs.vtp'.
[2023-11-06 15:19:02.189] [warning] Couldn't find file 'little_distal_lvs.vtp'.
[2023-11-06 15:19:02.189] [warning] Couldn't find file 'metacarpal1_lvs.vtp'.
[2023-11-06 15:19:02.189] [warning] Couldn't find file 'thumb_proximal_lvs.vtp'.
[2023-11-06 15:19:02.190] [warning] Couldn't find file 'thumb_distal_lvs.vtp'.
[2023-11-06 15:43:37.665] [info] Updating Model file from 30000 to latest format...
[2023-11-06 15:43:37.749] [info] Loaded model FullBodyModel_MuscleActuatedLowerLimb_TorqueActuatedUpperBody from file C:\Git\MSKmodelling\src\bops_tool\Templates\Models\Rajagopal2015.osim
[2023-11-06 15:43:37.750] [warning] Couldn't find file 'r_pelvis.vtp'.
[2023-11-06 15:43:37.750] [warning] Couldn't find file 'l_pelvis.vtp'.
[2023-11-06 15:43:37.750] [warning] Couldn't find file 'sacrum.vtp'.
[2023-11-06 15:43:37.751] [warning] Couldn't find file 'r_femur.vtp'.
[2023-11-06 15:43:37.751] [warning] Couldn't find file 'r_tibia.vtp'.
[2023-11-06 15:43:37.751] [warning] Couldn't find file 'r_fibula.vtp'.
[2023-11-06 15:43:37.751] [warning] Couldn't find file 'r_patella.vtp'.
[2023-11-06 15:43:37.752] [warning] Couldn't find file 'r_talus.vtp'.
[2023-11-06 15:43:37.752] [warning] Couldn't find file 'r_foot.vtp'.
[2023-11-06 15:43:37.752] [warning] Couldn't find file 'r_bofoot.vtp'.
[2023-11-06 15:43:37.752] [warning] Couldn't find file 'l_femur.vtp'.
[2023-11-06 15:43:37.752] [warning] Couldn't find file 'l_tibia.vtp'.
[2023-11-06 15:43:37.752] [warning] Couldn't find file 'l_fibula.vtp'.
[2023-11-06 15:43:37.752] [warning] Couldn't find file 'l_patella.vtp'.
[2023-11-06 15:43:37.753] [warning] Couldn't find file 'l_talus.vtp'.
[2023-11-06 15:43:37.753] [warning] Couldn't find file 'l_foot.vtp'.
[2023-11-06 15:43:37.753] [warning] Couldn't find file 'l_bofoot.vtp'.
[2023-11-06 15:43:37.753] [warning] Couldn't find file 'hat_spine.vtp'.
[2023-11-06 15:43:37.753] [warning] Couldn't find file 'hat_jaw.vtp'.
[2023-11-06 15:43:37.753] [warning] Couldn't find file 'hat_skull.vtp'.
[2023-11-06 15:43:37.753] [warning] Couldn't find file 'hat_ribs_scap.vtp'.
[2023-11-06 15:43:37.753] [warning] Couldn't find file 'humerus_rv.vtp'.
[2023-11-06 15:43:37.753] [warning] Couldn't find file 'ulna_rv.vtp'.
[2023-11-06 15:43:37.754] [warning] Couldn't find file 'radius_rv.vtp'.
[2023-11-06 15:43:37.754] [warning] Couldn't find file 'pisiform_rvs.vtp'.
[2023-11-06 15:43:37.754] [warning] Couldn't find file 'lunate_rvs.vtp'.
[2023-11-06 15:43:37.754] [warning] Couldn't find file 'scaphoid_rvs.vtp'.
[2023-11-06 15:43:37.754] [warning] Couldn't find file 'triquetrum_rvs.vtp'.
[2023-11-06 15:43:37.754] [warning] Couldn't find file 'hamate_rvs.vtp'.
[2023-11-06 15:43:37.754] [warning] Couldn't find file 'capitate_rvs.vtp'.
[2023-11-06 15:43:37.754] [warning] Couldn't find file 'trapezoid_rvs.vtp'.
[2023-11-06 15:43:37.754] [warning] Couldn't find file 'trapezium_rvs.vtp'.
[2023-11-06 15:43:37.754] [warning] Couldn't find file 'metacarpal2_rvs.vtp'.
[2023-11-06 15:43:37.755] [warning] Couldn't find file 'index_proximal_rvs.vtp'.
[2023-11-06 15:43:37.755] [warning] Couldn't find file 'index_medial_rvs.vtp'.
[2023-11-06 15:43:37.755] [warning] Couldn't find file 'index_distal_rvs.vtp'.
[2023-11-06 15:43:37.755] [warning] Couldn't find file 'metacarpal3_rvs.vtp'.
[2023-11-06 15:43:37.755] [warning] Couldn't find file 'middle_proximal_rvs.vtp'.
[2023-11-06 15:43:37.755] [warning] Couldn't find file 'middle_medial_rvs.vtp'.
[2023-11-06 15:43:37.755] [warning] Couldn't find file 'middle_distal_rvs.vtp'.
[2023-11-06 15:43:37.755] [warning] Couldn't find file 'metacarpal4_rvs.vtp'.
[2023-11-06 15:43:37.755] [warning] Couldn't find file 'ring_proximal_rvs.vtp'.
[2023-11-06 15:43:37.756] [warning] Couldn't find file 'ring_medial_rvs.vtp'.
[2023-11-06 15:43:37.756] [warning] Couldn't find file 'ring_distal_rvs.vtp'.
[2023-11-06 15:43:37.756] [warning] Couldn't find file 'metacarpal5_rvs.vtp'.
[2023-11-06 15:43:37.756] [warning] Couldn't find file 'little_proximal_rvs.vtp'.
[2023-11-06 15:43:37.756] [warning] Couldn't find file 'little_medial_rvs.vtp'.
[2023-11-06 15:43:37.756] [warning] Couldn't find file 'little_distal_rvs.vtp'.
[2023-11-06 15:43:37.756] [warning] Couldn't find file 'metacarpal1_rvs.vtp'.
[2023-11-06 15:43:37.756] [warning] Couldn't find file 'thumb_proximal_rvs.vtp'.
[2023-11-06 15:43:37.756] [warning] Couldn't find file 'thumb_distal_rvs.vtp'.
[2023-11-06 15:43:37.757] [warning] Couldn't find file 'humerus_lv.vtp'.
[2023-11-06 15:43:37.757] [warning] Couldn't find file 'ulna_lv.vtp'.
[2023-11-06 15:43:37.757] [warning] Couldn't find file 'radius_lv.vtp'.
[2023-11-06 15:43:37.757] [warning] Couldn't find file 'pisiform_lvs.vtp'.
[2023-11-06 15:43:37.757] [warning] Couldn't find file 'lunate_lvs.vtp'.
[2023-11-06 15:43:37.757] [warning] Couldn't find file 'scaphoid_lvs.vtp'.
[2023-11-06 15:43:37.757] [warning] Couldn't find file 'triquetrum_lvs.vtp'.
[2023-11-06 15:43:37.757] [warning] Couldn't find file 'hamate_lvs.vtp'.
[2023-11-06 15:43:37.757] [warning] Couldn't find file 'capitate_lvs.vtp'.
[2023-11-06 15:43:37.758] [warning] Couldn't find file 'trapezoid_lvs.vtp'.
[2023-11-06 15:43:37.758] [warning] Couldn't find file 'trapezium_lvs.vtp'.
[2023-11-06 15:43:37.758] [warning] Couldn't find file 'metacarpal2_lvs.vtp'.
[2023-11-06 15:43:37.758] [warning] Couldn't find file 'index_proximal_lvs.vtp'.
[2023-11-06 15:43:37.758] [warning] Couldn't find file 'index_medial_lvs.vtp'.
[2023-11-06 15:43:37.758] [warning] Couldn't find file 'index_distal_lvs.vtp'.
[2023-11-06 15:43:37.758] [warning] Couldn't find file 'metacarpal3_lvs.vtp'.
[2023-11-06 15:43:37.758] [warning] Couldn't find file 'middle_proximal_lvs.vtp'.
[2023-11-06 15:43:37.758] [warning] Couldn't find file 'middle_medial_lvs.vtp'.
[2023-11-06 15:43:37.759] [warning] Couldn't find file 'middle_distal_lvs.vtp'.
[2023-11-06 15:43:37.759] [warning] Couldn't find file 'metacarpal4_lvs.vtp'.
[2023-11-06 15:43:37.759] [warning] Couldn't find file 'ring_proximal_lvs.vtp'.
[2023-11-06 15:43:37.759] [warning] Couldn't find file 'ring_medial_lvs.vtp'.
[2023-11-06 15:43:37.759] [warning] Couldn't find file 'ring_distal_lvs.vtp'.
[2023-11-06 15:43:37.759] [warning] Couldn't find file 'metacarpal5_lvs.vtp'.
[2023-11-06 15:43:37.759] [warning] Couldn't find file 'little_proximal_lvs.vtp'.
[2023-11-06 15:43:37.759] [warning] Couldn't find file 'little_medial_lvs.vtp'.
[2023-11-06 15:43:37.760] [warning] Couldn't find file 'little_distal_lvs.vtp'.
[2023-11-06 15:43:37.760] [warning] Couldn't find file 'metacarpal1_lvs.vtp'.
[2023-11-06 15:43:37.760] [warning] Couldn't find file 'thumb_proximal_lvs.vtp'.
[2023-11-06 15:43:37.760] [warning] Couldn't find file 'thumb_distal_lvs.vtp'.
